# JRE version: Java(TM) SE Runtime Environment (17.0.2+8) (build 17.0.2+8-LTS-86)
# Java VM: Java HotSpot(TM) 64-Bit Server VM (17.0.2+8-LTS-86, mixed mode, sharing, tiered, compressed oops, compressed class ptrs, g1 gc, windows-amd64)
GC Precious Log:
 CPUs: 4 total, 4 available
 Memory: 8118M
 Large Page Support: Disabled
 NUMA Support: Disabled
 Compressed Oops: Enabled (32-bit)
 Heap Region Size: 1M
 Heap Min Capacity: 8M
 Heap Initial Capacity: 128M
 Heap Max Capacity: 2030M
 Pre-touch: Disabled
 Parallel Workers: 4
 Concurrent Workers: 1
 Concurrent Refinement Workers: 4
 Periodic GC: Disabled
Heap:
 garbage-first heap   total 68608K, used 29597K [0x0000000081200000, 0x0000000100000000)
  region size 1024K, 4 young (4096K), 1 survivors (1024K)
 Metaspace       used 64190K, committed 64832K, reserved 1105920K
  class space    used 8224K, committed 8512K, reserved 1048576K
GC Heap History (20 events):
Event: 8807.152 GC heap before
{Heap before GC invocations=27 (full 3):
 garbage-first heap   total 68608K, used 53009K [0x0000000081200000, 0x0000000100000000)
  region size 1024K, 31 young (31744K), 0 survivors (0K)
 Metaspace       used 61536K, committed 62016K, reserved 1105920K
  class space    used 7989K, committed 8192K, reserved 1048576K
}
Event: 8807.159 GC heap after
{Heap after GC invocations=28 (full 3):
 garbage-first heap   total 68608K, used 23643K [0x0000000081200000, 0x0000000100000000)
  region size 1024K, 3 young (3072K), 3 survivors (3072K)
 Metaspace       used 61536K, committed 62016K, reserved 1105920K
  class space    used 7989K, committed 8192K, reserved 1048576K
}
Event: 8807.873 GC heap before
{Heap before GC invocations=28 (full 3):
 garbage-first heap   total 68608K, used 52315K [0x0000000081200000, 0x0000000100000000)
  region size 1024K, 31 young (31744K), 3 survivors (3072K)
 Metaspace       used 61935K, committed 62464K, reserved 1105920K
  class space    used 8009K, committed 8256K, reserved 1048576K
}
Event: 8807.878 GC heap after
{Heap after GC invocations=29 (full 3):
 garbage-first heap   total 68608K, used 25859K [0x0000000081200000, 0x0000000100000000)
  region size 1024K, 3 young (3072K), 3 survivors (3072K)
 Metaspace       used 61935K, committed 62464K, reserved 1105920K
  class space    used 8009K, committed 8256K, reserved 1048576K
}
Event: 8934.160 GC heap before
{Heap before GC invocations=29 (full 3):
 garbage-first heap   total 68608K, used 35075K [0x0000000081200000, 0x0000000100000000)
  region size 1024K, 13 young (13312K), 3 survivors (3072K)
 Metaspace       used 61949K, committed 62528K, reserved 1105920K
  class space    used 8009K, committed 8256K, reserved 1048576K
}
Event: 8934.206 GC heap after
{Heap after GC invocations=30 (full 4):
 garbage-first heap   total 68608K, used 21541K [0x0000000081200000, 0x0000000100000000)
  region size 1024K, 0 young (0K), 0 survivors (0K)
 Metaspace       used 61946K, committed 62528K, reserved 1105920K
  class space    used 8009K, committed 8256K, reserved 1048576K
}
Event: 8934.733 GC heap before
{Heap before GC invocations=30 (full 4):
 garbage-first heap   total 68608K, used 53285K [0x0000000081200000, 0x0000000100000000)
  region size 1024K, 31 young (31744K), 0 survivors (0K)
 Metaspace       used 62079K, committed 62592K, reserved 1105920K
  class space    used 8021K, committed 8256K, reserved 1048576K
}
Event: 8934.737 GC heap after
{Heap after GC invocations=31 (full 4):
 garbage-first heap   total 68608K, used 24009K [0x0000000081200000, 0x0000000100000000)
  region size 1024K, 3 young (3072K), 3 survivors (3072K)
 Metaspace       used 62079K, committed 62592K, reserved 1105920K
  class space    used 8021K, committed 8256K, reserved 1048576K
}
Event: 8935.222 GC heap before
{Heap before GC invocations=31 (full 4):
 garbage-first heap   total 68608K, used 53705K [0x0000000081200000, 0x0000000100000000)
  region size 1024K, 32 young (32768K), 3 survivors (3072K)
 Metaspace       used 62415K, committed 62976K, reserved 1105920K
  class space    used 8037K, committed 8320K, reserved 1048576K
}
Event: 8935.228 GC heap after
{Heap after GC invocations=32 (full 4):
 garbage-first heap   total 68608K, used 26182K [0x0000000081200000, 0x0000000100000000)
  region size 1024K, 3 young (3072K), 3 survivors (3072K)
 Metaspace       used 62415K, committed 62976K, reserved 1105920K
  class space    used 8037K, committed 8320K, reserved 1048576K
}
Event: 9466.996 GC heap before
{Heap before GC invocations=32 (full 4):
 garbage-first heap   total 68608K, used 48710K [0x0000000081200000, 0x0000000100000000)
  region size 1024K, 26 young (26624K), 3 survivors (3072K)
 Metaspace       used 63542K, committed 64128K, reserved 1105920K
  class space    used 8185K, committed 8448K, reserved 1048576K
}
Event: 9467.068 GC heap after
{Heap after GC invocations=33 (full 5):
 garbage-first heap   total 68608K, used 22504K [0x0000000081200000, 0x0000000100000000)
  region size 1024K, 0 young (0K), 0 survivors (0K)
 Metaspace       used 63539K, committed 64128K, reserved 1105920K
  class space    used 8184K, committed 8448K, reserved 1048576K
}
Event: 9467.762 GC heap before
{Heap before GC invocations=33 (full 5):
 garbage-first heap   total 68608K, used 53224K [0x0000000081200000, 0x0000000100000000)
  region size 1024K, 30 young (30720K), 0 survivors (0K)
 Metaspace       used 63627K, committed 64192K, reserved 1105920K
  class space    used 8190K, committed 8448K, reserved 1048576K
}
Event: 9467.767 GC heap after
{Heap after GC invocations=34 (full 5):
 garbage-first heap   total 68608K, used 24886K [0x0000000081200000, 0x0000000100000000)
  region size 1024K, 3 young (3072K), 3 survivors (3072K)
 Metaspace       used 63627K, committed 64192K, reserved 1105920K
  class space    used 8190K, committed 8448K, reserved 1048576K
}
Event: 9468.250 GC heap before
{Heap before GC invocations=34 (full 5):
 garbage-first heap   total 68608K, used 53558K [0x0000000081200000, 0x0000000100000000)
  region size 1024K, 31 young (31744K), 3 survivors (3072K)
 Metaspace       used 63914K, committed 64512K, reserved 1105920K
  class space    used 8201K, committed 8448K, reserved 1048576K
}
Event: 9468.269 GC heap after
{Heap after GC invocations=35 (full 5):
 garbage-first heap   total 68608K, used 26903K [0x0000000081200000, 0x0000000100000000)
  region size 1024K, 3 young (3072K), 3 survivors (3072K)
 Metaspace       used 63914K, committed 64512K, reserved 1105920K
  class space    used 8201K, committed 8448K, reserved 1048576K
}
Event: 10248.707 GC heap before
{Heap before GC invocations=35 (full 5):
 garbage-first heap   total 68608K, used 52503K [0x0000000081200000, 0x0000000100000000)
  region size 1024K, 28 young (28672K), 3 survivors (3072K)
 Metaspace       used 64056K, committed 64640K, reserved 1105920K
  class space    used 8209K, committed 8512K, reserved 1048576K
}
Event: 10249.391 GC heap after
{Heap after GC invocations=36 (full 5):
 garbage-first heap   total 68608K, used 27449K [0x0000000081200000, 0x0000000100000000)
  region size 1024K, 1 young (1024K), 1 survivors (1024K)
 Metaspace       used 64056K, committed 64640K, reserved 1105920K
  class space    used 8209K, committed 8512K, reserved 1048576K
}
Event: 11236.226 GC heap before
{Heap before GC invocations=36 (full 5):
 garbage-first heap   total 68608K, used 55097K [0x0000000081200000, 0x0000000100000000)
  region size 1024K, 28 young (28672K), 1 survivors (1024K)
 Metaspace       used 64188K, committed 64832K, reserved 1105920K
  class space    used 8224K, committed 8512K, reserved 1048576K
}
Event: 11236.448 GC heap after
{Heap after GC invocations=37 (full 5):
 garbage-first heap   total 68608K, used 27549K [0x0000000081200000, 0x0000000100000000)
  region size 1024K, 1 young (1024K), 1 survivors (1024K)
 Metaspace       used 64188K, committed 64832K, reserved 1105920K
  class space    used 8224K, committed 8512K, reserved 1048576K
}

